2015/07/23 16:33:13 [error] [php] include(Album.php): failed to open stream: No such file or directory (C:\xampp\htdocs\yii\framework\YiiBase.php:432)
Stack trace:
#0 C:\xampp\htdocs\yiidevext\protected\extensions\ImgurUploader.php(63): spl_autoload_call()
#1 C:\xampp\htdocs\yiidevext\protected\controllers\SiteController.php(31): ImgurUploader->getAlbums()
#2 C:\xampp\htdocs\yii\framework\web\actions\CInlineAction.php(49): SiteController->actionIndex()
#3 C:\xampp\htdocs\yii\framework\web\CController.php(308): CInlineAction->runWithParams()
#4 C:\xampp\htdocs\yii\framework\web\CController.php(286): SiteController->runAction()
#5 C:\xampp\htdocs\yii\framework\web\CController.php(265): SiteController->runActionWithFilters()
#6 C:\xampp\htdocs\yii\framework\web\CWebApplication.php(282): SiteController->run()
#7 C:\xampp\htdocs\yii\framework\web\CWebApplication.php(141): CWebApplication->runController()
#8 C:\xampp\htdocs\yii\framework\base\CApplication.php(184): CWebApplication->processRequest()
#9 C:\xampp\htdocs\yiidevext\index.php(13): CWebApplication->run()
REQUEST_URI=/yiidevext/
in C:\xampp\htdocs\yiidevext\protected\extensions\ImgurUploader.php (63)
in C:\xampp\htdocs\yiidevext\protected\controllers\SiteController.php (31)
in C:\xampp\htdocs\yiidevext\index.php (13)
2015/07/23 17:37:41 [error] [php] Missing argument 1 for Album::__construct(), called in C:\xampp\htdocs\yiidevext\protected\extensions\ImgurUploader.php on line 65 and defined (C:\xampp\htdocs\yiidevext\protected\vendors\ImgUrAPI\models\Album.php:36)
Stack trace:
#0 C:\xampp\htdocs\yii\framework\web\actions\CInlineAction.php(49): SiteController->actionIndex()
#1 C:\xampp\htdocs\yii\framework\web\CController.php(308): CInlineAction->runWithParams()
#2 C:\xampp\htdocs\yii\framework\web\CController.php(286): SiteController->runAction()
#3 C:\xampp\htdocs\yii\framework\web\CController.php(265): SiteController->runActionWithFilters()
#4 C:\xampp\htdocs\yii\framework\web\CWebApplication.php(282): SiteController->run()
#5 C:\xampp\htdocs\yii\framework\web\CWebApplication.php(141): CWebApplication->runController()
#6 C:\xampp\htdocs\yii\framework\base\CApplication.php(184): CWebApplication->processRequest()
#7 C:\xampp\htdocs\yiidevext\index.php(13): CWebApplication->run()
REQUEST_URI=/yiidevext/
in C:\xampp\htdocs\yiidevext\protected\vendors\ImgUrAPI\models\Album.php (36)
in C:\xampp\htdocs\yiidevext\protected\extensions\ImgurUploader.php (65)
in C:\xampp\htdocs\yiidevext\protected\controllers\SiteController.php (32)
2015/07/23 17:47:02 [error] [php] Missing argument 1 for ImgurUploader::getAlbum(), called in C:\xampp\htdocs\yiidevext\protected\controllers\SiteController.php on line 32 and defined (C:\xampp\htdocs\yiidevext\protected\extensions\ImgurUploader.php:73)
Stack trace:
#0 C:\xampp\htdocs\yii\framework\web\CController.php(308): CInlineAction->runWithParams()
#1 C:\xampp\htdocs\yii\framework\web\CController.php(286): SiteController->runAction()
#2 C:\xampp\htdocs\yii\framework\web\CController.php(265): SiteController->runActionWithFilters()
#3 C:\xampp\htdocs\yii\framework\web\CWebApplication.php(282): SiteController->run()
#4 C:\xampp\htdocs\yii\framework\web\CWebApplication.php(141): CWebApplication->runController()
#5 C:\xampp\htdocs\yii\framework\base\CApplication.php(184): CWebApplication->processRequest()
#6 C:\xampp\htdocs\yiidevext\index.php(13): CWebApplication->run()
REQUEST_URI=/yiidevext/
in C:\xampp\htdocs\yiidevext\protected\extensions\ImgurUploader.php (73)
in C:\xampp\htdocs\yiidevext\protected\controllers\SiteController.php (32)
in C:\xampp\htdocs\yiidevext\index.php (13)
2015/07/23 17:47:21 [error] [php] Missing argument 1 for ImgurUploader::getAlbum(), called in C:\xampp\htdocs\yiidevext\protected\controllers\SiteController.php on line 32 and defined (C:\xampp\htdocs\yiidevext\protected\extensions\ImgurUploader.php:73)
Stack trace:
#0 C:\xampp\htdocs\yii\framework\web\CController.php(308): CInlineAction->runWithParams()
#1 C:\xampp\htdocs\yii\framework\web\CController.php(286): SiteController->runAction()
#2 C:\xampp\htdocs\yii\framework\web\CController.php(265): SiteController->runActionWithFilters()
#3 C:\xampp\htdocs\yii\framework\web\CWebApplication.php(282): SiteController->run()
#4 C:\xampp\htdocs\yii\framework\web\CWebApplication.php(141): CWebApplication->runController()
#5 C:\xampp\htdocs\yii\framework\base\CApplication.php(184): CWebApplication->processRequest()
#6 C:\xampp\htdocs\yiidevext\index.php(13): CWebApplication->run()
REQUEST_URI=/yiidevext/
in C:\xampp\htdocs\yiidevext\protected\extensions\ImgurUploader.php (73)
in C:\xampp\htdocs\yiidevext\protected\controllers\SiteController.php (32)
in C:\xampp\htdocs\yiidevext\index.php (13)
2015/07/23 17:47:49 [error] [php] Missing argument 1 for ImgurUploader::getAlbum(), called in C:\xampp\htdocs\yiidevext\protected\controllers\SiteController.php on line 32 and defined (C:\xampp\htdocs\yiidevext\protected\extensions\ImgurUploader.php:73)
Stack trace:
#0 C:\xampp\htdocs\yii\framework\web\CController.php(308): CInlineAction->runWithParams()
#1 C:\xampp\htdocs\yii\framework\web\CController.php(286): SiteController->runAction()
#2 C:\xampp\htdocs\yii\framework\web\CController.php(265): SiteController->runActionWithFilters()
#3 C:\xampp\htdocs\yii\framework\web\CWebApplication.php(282): SiteController->run()
#4 C:\xampp\htdocs\yii\framework\web\CWebApplication.php(141): CWebApplication->runController()
#5 C:\xampp\htdocs\yii\framework\base\CApplication.php(184): CWebApplication->processRequest()
#6 C:\xampp\htdocs\yiidevext\index.php(13): CWebApplication->run()
REQUEST_URI=/yiidevext/
in C:\xampp\htdocs\yiidevext\protected\extensions\ImgurUploader.php (73)
in C:\xampp\htdocs\yiidevext\protected\controllers\SiteController.php (32)
in C:\xampp\htdocs\yiidevext\index.php (13)
